Analysis & Synthesis report for ARM
Tue Jun 14 23:59:32 2022
Quartus II 64-Bit Version 13.0.1 Build 232 06/12/2013 Service Pack 1 SJ Web Edition


---------------------
; Table of Contents ;
---------------------
  1. Legal Notice
  2. Analysis & Synthesis Summary
  3. Analysis & Synthesis Settings
  4. Parallel Compilation
  5. Analysis & Synthesis Source Files Read
  6. Analysis & Synthesis Resource Usage Summary
  7. Analysis & Synthesis Resource Utilization by Entity
  8. General Register Statistics
  9. Parameter Settings for User Entity Instance: ARM_cpu:arm|IF_Stage:if_stage|Register:PC_reg
 10. Parameter Settings for User Entity Instance: ARM_cpu:arm|IF_Stage:if_stage|Mux2to1:mux32b
 11. Parameter Settings for User Entity Instance: ARM_cpu:arm|ID_Stage:id_stage|Mux2to1:mux4b
 12. Parameter Settings for User Entity Instance: ARM_cpu:arm|ID_Stage:id_stage|Mux2to1:mux9b
 13. Parameter Settings for User Entity Instance: ARM_cpu:arm|EXE_Stage:exe_stage|Mux4to1:mux_rn
 14. Parameter Settings for User Entity Instance: ARM_cpu:arm|EXE_Stage:exe_stage|Mux4to1:mux_rm
 15. Parameter Settings for User Entity Instance: ARM_cpu:arm|WB_Stage:wb_stage|Mux2to1:mux32b
 16. Port Connectivity Checks: "ARM_cpu:arm|EXE_Stage:exe_stage|Mux4to1:mux_rm"
 17. Port Connectivity Checks: "ARM_cpu:arm|EXE_Stage:exe_stage|Mux4to1:mux_rn"
 18. Port Connectivity Checks: "ARM_cpu:arm|ID_Stage:id_stage|Mux2to1:mux9b"
 19. Elapsed Time Per Partition
 20. Analysis & Synthesis Messages



----------------
; Legal Notice ;
----------------
Copyright (C) 1991-2013 Altera Corporation
Your use of Altera Corporation's design tools, logic functions 
and other software and tools, and its AMPP partner logic 
functions, and any output files from any of the foregoing 
(including device programming or simulation files), and any 
associated documentation or information are expressly subject 
to the terms and conditions of the Altera Program License 
Subscription Agreement, Altera MegaCore Function License 
Agreement, or other applicable license agreement, including, 
without limitation, that your use is for the sole purpose of 
programming logic devices manufactured by Altera and sold by 
Altera or its authorized distributors.  Please refer to the 
applicable agreement for further details.



+--------------------------------------------------------------------------------------+
; Analysis & Synthesis Summary                                                         ;
+------------------------------------+-------------------------------------------------+
; Analysis & Synthesis Status        ; Successful - Tue Jun 14 23:59:32 2022           ;
; Quartus II 64-Bit Version          ; 13.0.1 Build 232 06/12/2013 SP 1 SJ Web Edition ;
; Revision Name                      ; ARM                                             ;
; Top-level Entity Name              ; ARM                                             ;
; Family                             ; Cyclone II                                      ;
; Total logic elements               ; 0                                               ;
;     Total combinational functions  ; 0                                               ;
;     Dedicated logic registers      ; 0                                               ;
; Total registers                    ; 0                                               ;
; Total pins                         ; 418                                             ;
; Total virtual pins                 ; 0                                               ;
; Total memory bits                  ; 0                                               ;
; Embedded Multiplier 9-bit elements ; 0                                               ;
; Total PLLs                         ; 0                                               ;
+------------------------------------+-------------------------------------------------+


+----------------------------------------------------------------------------------------------------------------------+
; Analysis & Synthesis Settings                                                                                        ;
+----------------------------------------------------------------------------+--------------------+--------------------+
; Option                                                                     ; Setting            ; Default Value      ;
+----------------------------------------------------------------------------+--------------------+--------------------+
; Device                                                                     ; EP2C35F672C6       ;                    ;
; Top-level entity name                                                      ; ARM                ; ARM                ;
; Family name                                                                ; Cyclone II         ; Cyclone IV GX      ;
; Use smart compilation                                                      ; Off                ; Off                ;
; Enable parallel Assembler and TimeQuest Timing Analyzer during compilation ; On                 ; On                 ;
; Enable compact report table                                                ; Off                ; Off                ;
; Restructure Multiplexers                                                   ; Auto               ; Auto               ;
; Create Debugging Nodes for IP Cores                                        ; Off                ; Off                ;
; Preserve fewer node names                                                  ; On                 ; On                 ;
; Disable OpenCore Plus hardware evaluation                                  ; Off                ; Off                ;
; Verilog Version                                                            ; Verilog_2001       ; Verilog_2001       ;
; VHDL Version                                                               ; VHDL_1993          ; VHDL_1993          ;
; State Machine Processing                                                   ; Auto               ; Auto               ;
; Safe State Machine                                                         ; Off                ; Off                ;
; Extract Verilog State Machines                                             ; On                 ; On                 ;
; Extract VHDL State Machines                                                ; On                 ; On                 ;
; Ignore Verilog initial constructs                                          ; Off                ; Off                ;
; Iteration limit for constant Verilog loops                                 ; 5000               ; 5000               ;
; Iteration limit for non-constant Verilog loops                             ; 250                ; 250                ;
; Add Pass-Through Logic to Inferred RAMs                                    ; On                 ; On                 ;
; Infer RAMs from Raw Logic                                                  ; On                 ; On                 ;
; Parallel Synthesis                                                         ; On                 ; On                 ;
; DSP Block Balancing                                                        ; Auto               ; Auto               ;
; NOT Gate Push-Back                                                         ; On                 ; On                 ;
; Power-Up Don't Care                                                        ; On                 ; On                 ;
; Remove Redundant Logic Cells                                               ; Off                ; Off                ;
; Remove Duplicate Registers                                                 ; On                 ; On                 ;
; Ignore CARRY Buffers                                                       ; Off                ; Off                ;
; Ignore CASCADE Buffers                                                     ; Off                ; Off                ;
; Ignore GLOBAL Buffers                                                      ; Off                ; Off                ;
; Ignore ROW GLOBAL Buffers                                                  ; Off                ; Off                ;
; Ignore LCELL Buffers                                                       ; Off                ; Off                ;
; Ignore SOFT Buffers                                                        ; On                 ; On                 ;
; Limit AHDL Integers to 32 Bits                                             ; Off                ; Off                ;
; Optimization Technique                                                     ; Balanced           ; Balanced           ;
; Carry Chain Length                                                         ; 70                 ; 70                 ;
; Auto Carry Chains                                                          ; On                 ; On                 ;
; Auto Open-Drain Pins                                                       ; On                 ; On                 ;
; Perform WYSIWYG Primitive Resynthesis                                      ; Off                ; Off                ;
; Auto ROM Replacement                                                       ; On                 ; On                 ;
; Auto RAM Replacement                                                       ; On                 ; On                 ;
; Auto Shift Register Replacement                                            ; Auto               ; Auto               ;
; Allow Shift Register Merging across Hierarchies                            ; Auto               ; Auto               ;
; Auto Clock Enable Replacement                                              ; On                 ; On                 ;
; Strict RAM Replacement                                                     ; Off                ; Off                ;
; Allow Synchronous Control Signals                                          ; On                 ; On                 ;
; Force Use of Synchronous Clear Signals                                     ; Off                ; Off                ;
; Auto RAM to Logic Cell Conversion                                          ; Off                ; Off                ;
; Auto Resource Sharing                                                      ; Off                ; Off                ;
; Allow Any RAM Size For Recognition                                         ; Off                ; Off                ;
; Allow Any ROM Size For Recognition                                         ; Off                ; Off                ;
; Allow Any Shift Register Size For Recognition                              ; Off                ; Off                ;
; Use LogicLock Constraints during Resource Balancing                        ; On                 ; On                 ;
; Ignore translate_off and synthesis_off directives                          ; Off                ; Off                ;
; Timing-Driven Synthesis                                                    ; Off                ; Off                ;
; Report Parameter Settings                                                  ; On                 ; On                 ;
; Report Source Assignments                                                  ; On                 ; On                 ;
; Report Connectivity Checks                                                 ; On                 ; On                 ;
; Ignore Maximum Fan-Out Assignments                                         ; Off                ; Off                ;
; Synchronization Register Chain Length                                      ; 2                  ; 2                  ;
; PowerPlay Power Optimization                                               ; Normal compilation ; Normal compilation ;
; HDL message level                                                          ; Level2             ; Level2             ;
; Suppress Register Optimization Related Messages                            ; Off                ; Off                ;
; Number of Removed Registers Reported in Synthesis Report                   ; 5000               ; 5000               ;
; Number of Swept Nodes Reported in Synthesis Report                         ; 5000               ; 5000               ;
; Number of Inverted Registers Reported in Synthesis Report                  ; 100                ; 100                ;
; Clock MUX Protection                                                       ; On                 ; On                 ;
; Auto Gated Clock Conversion                                                ; Off                ; Off                ;
; Block Design Naming                                                        ; Auto               ; Auto               ;
; SDC constraint protection                                                  ; Off                ; Off                ;
; Synthesis Effort                                                           ; Auto               ; Auto               ;
; Shift Register Replacement - Allow Asynchronous Clear Signal               ; On                 ; On                 ;
; Pre-Mapping Resynthesis Optimization                                       ; Off                ; Off                ;
; Analysis & Synthesis Message Level                                         ; Medium             ; Medium             ;
; Disable Register Merging Across Hierarchies                                ; Auto               ; Auto               ;
; Resource Aware Inference For Block RAM                                     ; On                 ; On                 ;
; Synthesis Seed                                                             ; 1                  ; 1                  ;
+----------------------------------------------------------------------------+--------------------+--------------------+


+------------------------------------------+
; Parallel Compilation                     ;
+----------------------------+-------------+
; Processors                 ; Number      ;
+----------------------------+-------------+
; Number detected on machine ; 8           ;
; Maximum allowed            ; 8           ;
;                            ;             ;
; Average used               ; 1.00        ;
; Maximum used               ; 1           ;
;                            ;             ;
; Usage by Processor         ; % Time Used ;
;     Processor 1            ; 100.0%      ;
;     Processors 2-8         ;   0.0%      ;
+----------------------------+-------------+


+-------------------------------------------------------------------------------------------------------------------------------------------------------------------------------------------------------+
; Analysis & Synthesis Source Files Read                                                                                                                                                                ;
+-----------------------------------+-----------------+------------------------+--------------------------------------------------------------------------------------------------------------+---------+
; File Name with User-Entered Path  ; Used in Netlist ; File Type              ; File Name with Absolute Path                                                                                 ; Library ;
+-----------------------------------+-----------------+------------------------+--------------------------------------------------------------------------------------------------------------+---------+
; ../Codes/ARM.v                    ; yes             ; User Verilog HDL File  ; D:/Users/arman/Documents/Uni/Term8/Computer Architecture Lab/Arm-Architecture/Codes/ARM.v                    ;         ;
; ../Codes/Mux4to1.v                ; yes             ; User Verilog HDL File  ; D:/Users/arman/Documents/Uni/Term8/Computer Architecture Lab/Arm-Architecture/Codes/Mux4to1.v                ;         ;
; ../Codes/Hazard_Detection_Unit2.v ; yes             ; User Verilog HDL File  ; D:/Users/arman/Documents/Uni/Term8/Computer Architecture Lab/Arm-Architecture/Codes/Hazard_Detection_Unit2.v ;         ;
; ../Codes/Fowarding_Unit.v         ; yes             ; User Verilog HDL File  ; D:/Users/arman/Documents/Uni/Term8/Computer Architecture Lab/Arm-Architecture/Codes/Fowarding_Unit.v         ;         ;
; ../Codes/Status_Reg.v             ; yes             ; User Verilog HDL File  ; D:/Users/arman/Documents/Uni/Term8/Computer Architecture Lab/Arm-Architecture/Codes/Status_Reg.v             ;         ;
; ../Codes/ARM_cpu.v                ; yes             ; User Verilog HDL File  ; D:/Users/arman/Documents/Uni/Term8/Computer Architecture Lab/Arm-Architecture/Codes/ARM_cpu.v                ;         ;
; ../Codes/WB_Stage.v               ; yes             ; User Verilog HDL File  ; D:/Users/arman/Documents/Uni/Term8/Computer Architecture Lab/Arm-Architecture/Codes/WB_Stage.v               ;         ;
; ../Codes/Val2_Ganerator.v         ; yes             ; User Verilog HDL File  ; D:/Users/arman/Documents/Uni/Term8/Computer Architecture Lab/Arm-Architecture/Codes/Val2_Ganerator.v         ;         ;
; ../Codes/RegisterFile.v           ; yes             ; User Verilog HDL File  ; D:/Users/arman/Documents/Uni/Term8/Computer Architecture Lab/Arm-Architecture/Codes/RegisterFile.v           ;         ;
; ../Codes/Register.v               ; yes             ; User Verilog HDL File  ; D:/Users/arman/Documents/Uni/Term8/Computer Architecture Lab/Arm-Architecture/Codes/Register.v               ;         ;
; ../Codes/Mux2to1.v                ; yes             ; User Verilog HDL File  ; D:/Users/arman/Documents/Uni/Term8/Computer Architecture Lab/Arm-Architecture/Codes/Mux2to1.v                ;         ;
; ../Codes/Memory.v                 ; yes             ; User Verilog HDL File  ; D:/Users/arman/Documents/Uni/Term8/Computer Architecture Lab/Arm-Architecture/Codes/Memory.v                 ;         ;
; ../Codes/MEM_Stage_Reg.v          ; yes             ; User Verilog HDL File  ; D:/Users/arman/Documents/Uni/Term8/Computer Architecture Lab/Arm-Architecture/Codes/MEM_Stage_Reg.v          ;         ;
; ../Codes/InstMemory.v             ; yes             ; User Verilog HDL File  ; D:/Users/arman/Documents/Uni/Term8/Computer Architecture Lab/Arm-Architecture/Codes/InstMemory.v             ;         ;
; ../Codes/IF_Stage_Reg.v           ; yes             ; User Verilog HDL File  ; D:/Users/arman/Documents/Uni/Term8/Computer Architecture Lab/Arm-Architecture/Codes/IF_Stage_Reg.v           ;         ;
; ../Codes/IF_Stage.v               ; yes             ; User Verilog HDL File  ; D:/Users/arman/Documents/Uni/Term8/Computer Architecture Lab/Arm-Architecture/Codes/IF_Stage.v               ;         ;
; ../Codes/ID_Stage_Reg.v           ; yes             ; User Verilog HDL File  ; D:/Users/arman/Documents/Uni/Term8/Computer Architecture Lab/Arm-Architecture/Codes/ID_Stage_Reg.v           ;         ;
; ../Codes/ID_Stage.v               ; yes             ; User Verilog HDL File  ; D:/Users/arman/Documents/Uni/Term8/Computer Architecture Lab/Arm-Architecture/Codes/ID_Stage.v               ;         ;
; ../Codes/Hazard_Detection_Unit.v  ; yes             ; User Verilog HDL File  ; D:/Users/arman/Documents/Uni/Term8/Computer Architecture Lab/Arm-Architecture/Codes/Hazard_Detection_Unit.v  ;         ;
; ../Codes/EXE_Stage_Reg.v          ; yes             ; User Verilog HDL File  ; D:/Users/arman/Documents/Uni/Term8/Computer Architecture Lab/Arm-Architecture/Codes/EXE_Stage_Reg.v          ;         ;
; ../Codes/EXE_Stage.v              ; yes             ; User Verilog HDL File  ; D:/Users/arman/Documents/Uni/Term8/Computer Architecture Lab/Arm-Architecture/Codes/EXE_Stage.v              ;         ;
; ../Codes/ControlUnit.v            ; yes             ; User Verilog HDL File  ; D:/Users/arman/Documents/Uni/Term8/Computer Architecture Lab/Arm-Architecture/Codes/ControlUnit.v            ;         ;
; ../Codes/ConditionCheck.v         ; yes             ; User Verilog HDL File  ; D:/Users/arman/Documents/Uni/Term8/Computer Architecture Lab/Arm-Architecture/Codes/ConditionCheck.v         ;         ;
; ../Codes/ALU.v                    ; yes             ; User Verilog HDL File  ; D:/Users/arman/Documents/Uni/Term8/Computer Architecture Lab/Arm-Architecture/Codes/ALU.v                    ;         ;
+-----------------------------------+-----------------+------------------------+--------------------------------------------------------------------------------------------------------------+---------+


+-----------------------------------------------------+
; Analysis & Synthesis Resource Usage Summary         ;
+---------------------------------------------+-------+
; Resource                                    ; Usage ;
+---------------------------------------------+-------+
;                                             ;       ;
; Total combinational functions               ; 0     ;
; Logic element usage by number of LUT inputs ;       ;
;     -- 4 input functions                    ; 0     ;
;     -- 3 input functions                    ; 0     ;
;     -- <=2 input functions                  ; 0     ;
;                                             ;       ;
; Logic elements by mode                      ;       ;
;     -- normal mode                          ; 0     ;
;     -- arithmetic mode                      ; 0     ;
;                                             ;       ;
; Total registers                             ; 0     ;
;     -- Dedicated logic registers            ; 0     ;
;     -- I/O registers                        ; 0     ;
;                                             ;       ;
; I/O pins                                    ; 418   ;
; Embedded Multiplier 9-bit elements          ; 0     ;
; Maximum fan-out node                        ; SW[0] ;
; Maximum fan-out                             ; 1     ;
; Total fan-out                               ; 2     ;
; Average fan-out                             ; 0.00  ;
+---------------------------------------------+-------+


+-----------------------------------------------------------------------------------------------------------------------------------------------------------------------------+
; Analysis & Synthesis Resource Utilization by Entity                                                                                                                         ;
+----------------------------+-------------------+--------------+-------------+--------------+---------+-----------+------+--------------+---------------------+--------------+
; Compilation Hierarchy Node ; LC Combinationals ; LC Registers ; Memory Bits ; DSP Elements ; DSP 9x9 ; DSP 18x18 ; Pins ; Virtual Pins ; Full Hierarchy Name ; Library Name ;
+----------------------------+-------------------+--------------+-------------+--------------+---------+-----------+------+--------------+---------------------+--------------+
; |ARM                       ; 0 (0)             ; 0 (0)        ; 0           ; 0            ; 0       ; 0         ; 418  ; 0            ; |ARM                ; work         ;
+----------------------------+-------------------+--------------+-------------+--------------+---------+-----------+------+--------------+---------------------+--------------+
Note: For table entries with two numbers listed, the numbers in parentheses indicate the number of resources of the given type used by the specific entity alone. The numbers listed outside of parentheses indicate the total resources of the given type used by the specific entity and all of its sub-entities in the hierarchy.


+------------------------------------------------------+
; General Register Statistics                          ;
+----------------------------------------------+-------+
; Statistic                                    ; Value ;
+----------------------------------------------+-------+
; Total registers                              ; 0     ;
; Number of registers using Synchronous Clear  ; 0     ;
; Number of registers using Synchronous Load   ; 0     ;
; Number of registers using Asynchronous Clear ; 0     ;
; Number of registers using Asynchronous Load  ; 0     ;
; Number of registers using Clock Enable       ; 0     ;
; Number of registers using Preset             ; 0     ;
+----------------------------------------------+-------+


+--------------------------------------------------------------------------------------------+
; Parameter Settings for User Entity Instance: ARM_cpu:arm|IF_Stage:if_stage|Register:PC_reg ;
+----------------+-------+-------------------------------------------------------------------+
; Parameter Name ; Value ; Type                                                              ;
+----------------+-------+-------------------------------------------------------------------+
; N              ; 32    ; Signed Integer                                                    ;
+----------------+-------+-------------------------------------------------------------------+
Note: In order to hide this table in the UI and the text report file, please set the "Show Parameter Settings in Synthesis Report" option in "Analysis and Synthesis Settings -> More Settings" to "Off".


+-------------------------------------------------------------------------------------------+
; Parameter Settings for User Entity Instance: ARM_cpu:arm|IF_Stage:if_stage|Mux2to1:mux32b ;
+----------------+-------+------------------------------------------------------------------+
; Parameter Name ; Value ; Type                                                             ;
+----------------+-------+------------------------------------------------------------------+
; N              ; 32    ; Signed Integer                                                   ;
+----------------+-------+------------------------------------------------------------------+
Note: In order to hide this table in the UI and the text report file, please set the "Show Parameter Settings in Synthesis Report" option in "Analysis and Synthesis Settings -> More Settings" to "Off".


+------------------------------------------------------------------------------------------+
; Parameter Settings for User Entity Instance: ARM_cpu:arm|ID_Stage:id_stage|Mux2to1:mux4b ;
+----------------+-------+-----------------------------------------------------------------+
; Parameter Name ; Value ; Type                                                            ;
+----------------+-------+-----------------------------------------------------------------+
; N              ; 4     ; Signed Integer                                                  ;
+----------------+-------+-----------------------------------------------------------------+
Note: In order to hide this table in the UI and the text report file, please set the "Show Parameter Settings in Synthesis Report" option in "Analysis and Synthesis Settings -> More Settings" to "Off".


+------------------------------------------------------------------------------------------+
; Parameter Settings for User Entity Instance: ARM_cpu:arm|ID_Stage:id_stage|Mux2to1:mux9b ;
+----------------+-------+-----------------------------------------------------------------+
; Parameter Name ; Value ; Type                                                            ;
+----------------+-------+-----------------------------------------------------------------+
; N              ; 9     ; Signed Integer                                                  ;
+----------------+-------+-----------------------------------------------------------------+
Note: In order to hide this table in the UI and the text report file, please set the "Show Parameter Settings in Synthesis Report" option in "Analysis and Synthesis Settings -> More Settings" to "Off".


+---------------------------------------------------------------------------------------------+
; Parameter Settings for User Entity Instance: ARM_cpu:arm|EXE_Stage:exe_stage|Mux4to1:mux_rn ;
+----------------+-------+--------------------------------------------------------------------+
; Parameter Name ; Value ; Type                                                               ;
+----------------+-------+--------------------------------------------------------------------+
; N              ; 32    ; Signed Integer                                                     ;
+----------------+-------+--------------------------------------------------------------------+
Note: In order to hide this table in the UI and the text report file, please set the "Show Parameter Settings in Synthesis Report" option in "Analysis and Synthesis Settings -> More Settings" to "Off".


+---------------------------------------------------------------------------------------------+
; Parameter Settings for User Entity Instance: ARM_cpu:arm|EXE_Stage:exe_stage|Mux4to1:mux_rm ;
+----------------+-------+--------------------------------------------------------------------+
; Parameter Name ; Value ; Type                                                               ;
+----------------+-------+--------------------------------------------------------------------+
; N              ; 32    ; Signed Integer                                                     ;
+----------------+-------+--------------------------------------------------------------------+
Note: In order to hide this table in the UI and the text report file, please set the "Show Parameter Settings in Synthesis Report" option in "Analysis and Synthesis Settings -> More Settings" to "Off".


+-------------------------------------------------------------------------------------------+
; Parameter Settings for User Entity Instance: ARM_cpu:arm|WB_Stage:wb_stage|Mux2to1:mux32b ;
+----------------+-------+------------------------------------------------------------------+
; Parameter Name ; Value ; Type                                                             ;
+----------------+-------+------------------------------------------------------------------+
; N              ; 32    ; Signed Integer                                                   ;
+----------------+-------+------------------------------------------------------------------+
Note: In order to hide this table in the UI and the text report file, please set the "Show Parameter Settings in Synthesis Report" option in "Analysis and Synthesis Settings -> More Settings" to "Off".


+----------------------------------------------------------------------------+
; Port Connectivity Checks: "ARM_cpu:arm|EXE_Stage:exe_stage|Mux4to1:mux_rm" ;
+------+-------+----------+--------------------------------------------------+
; Port ; Type  ; Severity ; Details                                          ;
+------+-------+----------+--------------------------------------------------+
; i3   ; Input ; Info     ; Explicitly unconnected                           ;
+------+-------+----------+--------------------------------------------------+


+----------------------------------------------------------------------------+
; Port Connectivity Checks: "ARM_cpu:arm|EXE_Stage:exe_stage|Mux4to1:mux_rn" ;
+------+-------+----------+--------------------------------------------------+
; Port ; Type  ; Severity ; Details                                          ;
+------+-------+----------+--------------------------------------------------+
; i3   ; Input ; Info     ; Explicitly unconnected                           ;
+------+-------+----------+--------------------------------------------------+


+-------------------------------------------------------------------------+
; Port Connectivity Checks: "ARM_cpu:arm|ID_Stage:id_stage|Mux2to1:mux9b" ;
+------+-------+----------+-----------------------------------------------+
; Port ; Type  ; Severity ; Details                                       ;
+------+-------+----------+-----------------------------------------------+
; i1   ; Input ; Info     ; Stuck at GND                                  ;
+------+-------+----------+-----------------------------------------------+


+-------------------------------+
; Elapsed Time Per Partition    ;
+----------------+--------------+
; Partition Name ; Elapsed Time ;
+----------------+--------------+
; Top            ; 00:00:00     ;
+----------------+--------------+


+-------------------------------+
; Analysis & Synthesis Messages ;
+-------------------------------+
Info: *******************************************************************
Info: Running Quartus II 64-Bit Analysis & Synthesis
    Info: Version 13.0.1 Build 232 06/12/2013 Service Pack 1 SJ Web Edition
    Info: Processing started: Tue Jun 14 23:56:42 2022
Info: Command: quartus_map --read_settings_files=on --write_settings_files=off ARM -c ARM
Info (20030): Parallel compilation is enabled and will use 8 of the 8 processors detected
Info (12021): Found 1 design units, including 1 entities, in source file /users/arman/documents/uni/term8/computer architecture lab/arm-architecture/codes/arm.v
    Info (12023): Found entity 1: ARM
Info (12021): Found 1 design units, including 1 entities, in source file /users/arman/documents/uni/term8/computer architecture lab/arm-architecture/codes/mux4to1.v
    Info (12023): Found entity 1: Mux4to1
Info (12021): Found 1 design units, including 1 entities, in source file /users/arman/documents/uni/term8/computer architecture lab/arm-architecture/codes/hazard_detection_unit2.v
    Info (12023): Found entity 1: Hazard_Detection_Unit2
Info (12021): Found 1 design units, including 1 entities, in source file /users/arman/documents/uni/term8/computer architecture lab/arm-architecture/codes/fowarding_unit.v
    Info (12023): Found entity 1: Forwarding_Unit
Info (12021): Found 1 design units, including 1 entities, in source file /users/arman/documents/uni/term8/computer architecture lab/arm-architecture/codes/status_reg.v
    Info (12023): Found entity 1: Status_Reg
Info (12021): Found 1 design units, including 1 entities, in source file /users/arman/documents/uni/term8/computer architecture lab/arm-architecture/codes/arm_cpu.v
    Info (12023): Found entity 1: ARM_cpu
Info (12021): Found 1 design units, including 1 entities, in source file /users/arman/documents/uni/term8/computer architecture lab/arm-architecture/codes/wb_stage.v
    Info (12023): Found entity 1: WB_Stage
Info (12021): Found 1 design units, including 1 entities, in source file /users/arman/documents/uni/term8/computer architecture lab/arm-architecture/codes/val2_ganerator.v
    Info (12023): Found entity 1: Val2_Generator
Warning (12019): Can't analyze file -- file ../Codes/Test_Bench.v is missing
Info (12021): Found 1 design units, including 1 entities, in source file /users/arman/documents/uni/term8/computer architecture lab/arm-architecture/codes/registerfile.v
    Info (12023): Found entity 1: RegisterFile
Info (12021): Found 1 design units, including 1 entities, in source file /users/arman/documents/uni/term8/computer architecture lab/arm-architecture/codes/register.v
    Info (12023): Found entity 1: Register
Info (12021): Found 1 design units, including 1 entities, in source file /users/arman/documents/uni/term8/computer architecture lab/arm-architecture/codes/mux2to1.v
    Info (12023): Found entity 1: Mux2to1
Info (12021): Found 1 design units, including 1 entities, in source file /users/arman/documents/uni/term8/computer architecture lab/arm-architecture/codes/memory.v
    Info (12023): Found entity 1: Memory
Info (12021): Found 1 design units, including 1 entities, in source file /users/arman/documents/uni/term8/computer architecture lab/arm-architecture/codes/mem_stage_reg.v
    Info (12023): Found entity 1: MEM_Stage_Reg
Info (12021): Found 1 design units, including 1 entities, in source file /users/arman/documents/uni/term8/computer architecture lab/arm-architecture/codes/instmemory.v
    Info (12023): Found entity 1: InstMemory
Info (12021): Found 1 design units, including 1 entities, in source file /users/arman/documents/uni/term8/computer architecture lab/arm-architecture/codes/if_stage_reg.v
    Info (12023): Found entity 1: IF_Stage_Reg
Info (12021): Found 1 design units, including 1 entities, in source file /users/arman/documents/uni/term8/computer architecture lab/arm-architecture/codes/if_stage.v
    Info (12023): Found entity 1: IF_Stage
Info (12021): Found 1 design units, including 1 entities, in source file /users/arman/documents/uni/term8/computer architecture lab/arm-architecture/codes/id_stage_reg.v
    Info (12023): Found entity 1: ID_Stage_Reg
Info (12021): Found 1 design units, including 1 entities, in source file /users/arman/documents/uni/term8/computer architecture lab/arm-architecture/codes/id_stage.v
    Info (12023): Found entity 1: ID_Stage
Info (12021): Found 1 design units, including 1 entities, in source file /users/arman/documents/uni/term8/computer architecture lab/arm-architecture/codes/hazard_detection_unit.v
    Info (12023): Found entity 1: Hazard_Detection_Unit
Info (12021): Found 1 design units, including 1 entities, in source file /users/arman/documents/uni/term8/computer architecture lab/arm-architecture/codes/exe_stage_reg.v
    Info (12023): Found entity 1: EXE_Stage_Reg
Info (12021): Found 1 design units, including 1 entities, in source file /users/arman/documents/uni/term8/computer architecture lab/arm-architecture/codes/exe_stage.v
    Info (12023): Found entity 1: EXE_Stage
Info (12021): Found 1 design units, including 1 entities, in source file /users/arman/documents/uni/term8/computer architecture lab/arm-architecture/codes/controlunit.v
    Info (12023): Found entity 1: ControlUnit
Info (12021): Found 1 design units, including 1 entities, in source file /users/arman/documents/uni/term8/computer architecture lab/arm-architecture/codes/conditioncheck.v
    Info (12023): Found entity 1: ConditionCheck
Info (12021): Found 1 design units, including 1 entities, in source file /users/arman/documents/uni/term8/computer architecture lab/arm-architecture/codes/alu.v
    Info (12023): Found entity 1: ALU
Info (12127): Elaborating entity "ARM" for the top level hierarchy
Warning (10034): Output port "HEX0" at ARM.v(187) has no driver
Warning (10034): Output port "HEX1" at ARM.v(188) has no driver
Warning (10034): Output port "HEX2" at ARM.v(189) has no driver
Warning (10034): Output port "HEX3" at ARM.v(190) has no driver
Warning (10034): Output port "HEX4" at ARM.v(191) has no driver
Warning (10034): Output port "HEX5" at ARM.v(192) has no driver
Warning (10034): Output port "HEX6" at ARM.v(193) has no driver
Warning (10034): Output port "HEX7" at ARM.v(194) has no driver
Warning (10034): Output port "LEDG[8..2]" at ARM.v(196) has no driver
Warning (10034): Output port "LEDR" at ARM.v(197) has no driver
Warning (10034): Output port "DRAM_ADDR" at ARM.v(206) has no driver
Warning (10034): Output port "FL_ADDR" at ARM.v(219) has no driver
Warning (10034): Output port "SRAM_ADDR" at ARM.v(226) has no driver
Warning (10034): Output port "OTG_ADDR" at ARM.v(234) has no driver
Warning (10034): Output port "VGA_R" at ARM.v(276) has no driver
Warning (10034): Output port "VGA_G" at ARM.v(277) has no driver
Warning (10034): Output port "VGA_B" at ARM.v(278) has no driver
Warning (10034): Output port "DRAM_LDQM" at ARM.v(207) has no driver
Warning (10034): Output port "DRAM_UDQM" at ARM.v(208) has no driver
Warning (10034): Output port "DRAM_WE_N" at ARM.v(209) has no driver
Warning (10034): Output port "DRAM_CAS_N" at ARM.v(210) has no driver
Warning (10034): Output port "DRAM_RAS_N" at ARM.v(211) has no driver
Warning (10034): Output port "DRAM_CS_N" at ARM.v(212) has no driver
Warning (10034): Output port "DRAM_BA_0" at ARM.v(213) has no driver
Warning (10034): Output port "DRAM_BA_1" at ARM.v(214) has no driver
Warning (10034): Output port "DRAM_CLK" at ARM.v(215) has no driver
Warning (10034): Output port "DRAM_CKE" at ARM.v(216) has no driver
Warning (10034): Output port "FL_WE_N" at ARM.v(220) has no driver
Warning (10034): Output port "FL_RST_N" at ARM.v(221) has no driver
Warning (10034): Output port "FL_OE_N" at ARM.v(222) has no driver
Warning (10034): Output port "FL_CE_N" at ARM.v(223) has no driver
Warning (10034): Output port "SRAM_UB_N" at ARM.v(227) has no driver
Warning (10034): Output port "SRAM_LB_N" at ARM.v(228) has no driver
Warning (10034): Output port "SRAM_WE_N" at ARM.v(229) has no driver
Warning (10034): Output port "SRAM_CE_N" at ARM.v(230) has no driver
Warning (10034): Output port "SRAM_OE_N" at ARM.v(231) has no driver
Warning (10034): Output port "OTG_CS_N" at ARM.v(235) has no driver
Warning (10034): Output port "OTG_RD_N" at ARM.v(236) has no driver
Warning (10034): Output port "OTG_WR_N" at ARM.v(237) has no driver
Warning (10034): Output port "OTG_RST_N" at ARM.v(238) has no driver
Warning (10034): Output port "OTG_FSPEED" at ARM.v(239) has no driver
Warning (10034): Output port "OTG_LSPEED" at ARM.v(240) has no driver
Warning (10034): Output port "OTG_DACK0_N" at ARM.v(245) has no driver
Warning (10034): Output port "OTG_DACK1_N" at ARM.v(246) has no driver
Warning (10034): Output port "LCD_ON" at ARM.v(249) has no driver
Warning (10034): Output port "LCD_BLON" at ARM.v(250) has no driver
Warning (10034): Output port "LCD_RW" at ARM.v(251) has no driver
Warning (10034): Output port "LCD_EN" at ARM.v(252) has no driver
Warning (10034): Output port "LCD_RS" at ARM.v(253) has no driver
Warning (10034): Output port "TDO" at ARM.v(269) has no driver
Warning (10034): Output port "I2C_SCLK" at ARM.v(261) has no driver
Warning (10034): Output port "VGA_CLK" at ARM.v(271) has no driver
Warning (10034): Output port "VGA_HS" at ARM.v(272) has no driver
Warning (10034): Output port "VGA_VS" at ARM.v(273) has no driver
Warning (10034): Output port "VGA_BLANK" at ARM.v(274) has no driver
Warning (10034): Output port "VGA_SYNC" at ARM.v(275) has no driver
Warning (10034): Output port "ENET_CMD" at ARM.v(281) has no driver
Warning (10034): Output port "ENET_CS_N" at ARM.v(282) has no driver
Warning (10034): Output port "ENET_WR_N" at ARM.v(283) has no driver
Warning (10034): Output port "ENET_RD_N" at ARM.v(284) has no driver
Warning (10034): Output port "ENET_RST_N" at ARM.v(285) has no driver
Warning (10034): Output port "ENET_CLK" at ARM.v(287) has no driver
Warning (10034): Output port "AUD_DACDAT" at ARM.v(292) has no driver
Warning (10034): Output port "AUD_XCK" at ARM.v(294) has no driver
Warning (10034): Output port "TD_RESET" at ARM.v(299) has no driver
Info (12128): Elaborating entity "ARM_cpu" for hierarchy "ARM_cpu:arm"
Info (12128): Elaborating entity "IF_Stage" for hierarchy "ARM_cpu:arm|IF_Stage:if_stage"
Info (12128): Elaborating entity "Register" for hierarchy "ARM_cpu:arm|IF_Stage:if_stage|Register:PC_reg"
Info (12128): Elaborating entity "Mux2to1" for hierarchy "ARM_cpu:arm|IF_Stage:if_stage|Mux2to1:mux32b"
Info (12128): Elaborating entity "InstMemory" for hierarchy "ARM_cpu:arm|IF_Stage:if_stage|InstMemory:InstMem"
Warning (10030): Net "mem.data_a" at InstMemory.v(8) has no driver or initial value, using a default initial value '0'
Warning (10030): Net "mem.waddr_a" at InstMemory.v(8) has no driver or initial value, using a default initial value '0'
Warning (10030): Net "mem.we_a" at InstMemory.v(8) has no driver or initial value, using a default initial value '0'
Info (12128): Elaborating entity "IF_Stage_Reg" for hierarchy "ARM_cpu:arm|IF_Stage_Reg:if_stage_reg"
Info (12128): Elaborating entity "ID_Stage" for hierarchy "ARM_cpu:arm|ID_Stage:id_stage"
Info (12128): Elaborating entity "Mux2to1" for hierarchy "ARM_cpu:arm|ID_Stage:id_stage|Mux2to1:mux4b"
Info (12128): Elaborating entity "Mux2to1" for hierarchy "ARM_cpu:arm|ID_Stage:id_stage|Mux2to1:mux9b"
Info (12128): Elaborating entity "ControlUnit" for hierarchy "ARM_cpu:arm|ID_Stage:id_stage|ControlUnit:control_unit"
Info (12128): Elaborating entity "ConditionCheck" for hierarchy "ARM_cpu:arm|ID_Stage:id_stage|ConditionCheck:condition_check"
Info (12128): Elaborating entity "RegisterFile" for hierarchy "ARM_cpu:arm|ID_Stage:id_stage|RegisterFile:reg_file"
Warning (10240): Verilog HDL Always Construct warning at RegisterFile.v(20): inferring latch(es) for variable "i", which holds its previous value in one or more paths through the always construct
Info (12128): Elaborating entity "Hazard_Detection_Unit" for hierarchy "ARM_cpu:arm|Hazard_Detection_Unit:hazard_unit1"
Info (12128): Elaborating entity "Hazard_Detection_Unit2" for hierarchy "ARM_cpu:arm|Hazard_Detection_Unit2:hazard_unit2"
Info (12128): Elaborating entity "ID_Stage_Reg" for hierarchy "ARM_cpu:arm|ID_Stage_Reg:id_stage_reg"
Info (12128): Elaborating entity "EXE_Stage" for hierarchy "ARM_cpu:arm|EXE_Stage:exe_stage"
Info (12128): Elaborating entity "ALU" for hierarchy "ARM_cpu:arm|EXE_Stage:exe_stage|ALU:alu_unit"
Warning (10235): Verilog HDL Always Construct warning at ALU.v(20): variable "x1" is read inside the Always Construct but isn't in the Always Construct's Event Control
Warning (10235): Verilog HDL Always Construct warning at ALU.v(21): variable "x2" is read inside the Always Construct but isn't in the Always Construct's Event Control
Warning (10235): Verilog HDL Always Construct warning at ALU.v(22): variable "x3" is read inside the Always Construct but isn't in the Always Construct's Event Control
Warning (10235): Verilog HDL Always Construct warning at ALU.v(23): variable "x4" is read inside the Always Construct but isn't in the Always Construct's Event Control
Warning (10235): Verilog HDL Always Construct warning at ALU.v(24): variable "x5" is read inside the Always Construct but isn't in the Always Construct's Event Control
Warning (10235): Verilog HDL Always Construct warning at ALU.v(25): variable "x6" is read inside the Always Construct but isn't in the Always Construct's Event Control
Warning (10235): Verilog HDL Always Construct warning at ALU.v(26): variable "x7" is read inside the Always Construct but isn't in the Always Construct's Event Control
Warning (10235): Verilog HDL Always Construct warning at ALU.v(27): variable "x8" is read inside the Always Construct but isn't in the Always Construct's Event Control
Warning (10235): Verilog HDL Always Construct warning at ALU.v(28): variable "x9" is read inside the Always Construct but isn't in the Always Construct's Event Control
Info (12128): Elaborating entity "Val2_Generator" for hierarchy "ARM_cpu:arm|EXE_Stage:exe_stage|Val2_Generator:val2_gen"
Warning (10235): Verilog HDL Always Construct warning at Val2_Ganerator.v(30): variable "rotate_wire" is read inside the Always Construct but isn't in the Always Construct's Event Control
Warning (10230): Verilog HDL assignment warning at Val2_Ganerator.v(30): truncated value with size 64 to match size of target (32)
Warning (10235): Verilog HDL Always Construct warning at Val2_Ganerator.v(34): variable "immd" is read inside the Always Construct but isn't in the Always Construct's Event Control
Warning (10235): Verilog HDL Always Construct warning at Val2_Ganerator.v(34): variable "rotate_im" is read inside the Always Construct but isn't in the Always Construct's Event Control
Warning (10230): Verilog HDL assignment warning at Val2_Ganerator.v(34): truncated value with size 64 to match size of target (32)
Warning (10240): Verilog HDL Always Construct warning at Val2_Ganerator.v(21): inferring latch(es) for variable "val2", which holds its previous value in one or more paths through the always construct
Info (10041): Inferred latch for "val2[0]" at Val2_Ganerator.v(21)
Info (10041): Inferred latch for "val2[1]" at Val2_Ganerator.v(21)
Info (10041): Inferred latch for "val2[2]" at Val2_Ganerator.v(21)
Info (10041): Inferred latch for "val2[3]" at Val2_Ganerator.v(21)
Info (10041): Inferred latch for "val2[4]" at Val2_Ganerator.v(21)
Info (10041): Inferred latch for "val2[5]" at Val2_Ganerator.v(21)
Info (10041): Inferred latch for "val2[6]" at Val2_Ganerator.v(21)
Info (10041): Inferred latch for "val2[7]" at Val2_Ganerator.v(21)
Info (10041): Inferred latch for "val2[8]" at Val2_Ganerator.v(21)
Info (10041): Inferred latch for "val2[9]" at Val2_Ganerator.v(21)
Info (10041): Inferred latch for "val2[10]" at Val2_Ganerator.v(21)
Info (10041): Inferred latch for "val2[11]" at Val2_Ganerator.v(21)
Info (10041): Inferred latch for "val2[12]" at Val2_Ganerator.v(21)
Info (10041): Inferred latch for "val2[13]" at Val2_Ganerator.v(21)
Info (10041): Inferred latch for "val2[14]" at Val2_Ganerator.v(21)
Info (10041): Inferred latch for "val2[15]" at Val2_Ganerator.v(21)
Info (10041): Inferred latch for "val2[16]" at Val2_Ganerator.v(21)
Info (10041): Inferred latch for "val2[17]" at Val2_Ganerator.v(21)
Info (10041): Inferred latch for "val2[18]" at Val2_Ganerator.v(21)
Info (10041): Inferred latch for "val2[19]" at Val2_Ganerator.v(21)
Info (10041): Inferred latch for "val2[20]" at Val2_Ganerator.v(21)
Info (10041): Inferred latch for "val2[21]" at Val2_Ganerator.v(21)
Info (10041): Inferred latch for "val2[22]" at Val2_Ganerator.v(21)
Info (10041): Inferred latch for "val2[23]" at Val2_Ganerator.v(21)
Info (10041): Inferred latch for "val2[24]" at Val2_Ganerator.v(21)
Info (10041): Inferred latch for "val2[25]" at Val2_Ganerator.v(21)
Info (10041): Inferred latch for "val2[26]" at Val2_Ganerator.v(21)
Info (10041): Inferred latch for "val2[27]" at Val2_Ganerator.v(21)
Info (10041): Inferred latch for "val2[28]" at Val2_Ganerator.v(21)
Info (10041): Inferred latch for "val2[29]" at Val2_Ganerator.v(21)
Info (10041): Inferred latch for "val2[30]" at Val2_Ganerator.v(21)
Info (10041): Inferred latch for "val2[31]" at Val2_Ganerator.v(21)
Info (12128): Elaborating entity "Mux4to1" for hierarchy "ARM_cpu:arm|EXE_Stage:exe_stage|Mux4to1:mux_rn"
Info (12128): Elaborating entity "EXE_Stage_Reg" for hierarchy "ARM_cpu:arm|EXE_Stage_Reg:exe_stage_reg"
Info (12128): Elaborating entity "Status_Reg" for hierarchy "ARM_cpu:arm|Status_Reg:st_reg"
Info (12128): Elaborating entity "Forwarding_Unit" for hierarchy "ARM_cpu:arm|Forwarding_Unit:forwarding_unit"
Info (12128): Elaborating entity "Memory" for hierarchy "ARM_cpu:arm|Memory:memory"
Warning (10240): Verilog HDL Always Construct warning at Memory.v(18): inferring latch(es) for variable "i", which holds its previous value in one or more paths through the always construct
Info (12128): Elaborating entity "MEM_Stage_Reg" for hierarchy "ARM_cpu:arm|MEM_Stage_Reg:memory_stage_reg"
Info (12128): Elaborating entity "WB_Stage" for hierarchy "ARM_cpu:arm|WB_Stage:wb_stage"
Warning (13039): The following bidir pins have no drivers
    Warning (13040): Bidir "DRAM_DQ[0]" has no driver
    Warning (13040): Bidir "DRAM_DQ[1]" has no driver
    Warning (13040): Bidir "DRAM_DQ[2]" has no driver
    Warning (13040): Bidir "DRAM_DQ[3]" has no driver
    Warning (13040): Bidir "DRAM_DQ[4]" has no driver
    Warning (13040): Bidir "DRAM_DQ[5]" has no driver
    Warning (13040): Bidir "DRAM_DQ[6]" has no driver
    Warning (13040): Bidir "DRAM_DQ[7]" has no driver
    Warning (13040): Bidir "DRAM_DQ[8]" has no driver
    Warning (13040): Bidir "DRAM_DQ[9]" has no driver
    Warning (13040): Bidir "DRAM_DQ[10]" has no driver
    Warning (13040): Bidir "DRAM_DQ[11]" has no driver
    Warning (13040): Bidir "DRAM_DQ[12]" has no driver
    Warning (13040): Bidir "DRAM_DQ[13]" has no driver
    Warning (13040): Bidir "DRAM_DQ[14]" has no driver
    Warning (13040): Bidir "DRAM_DQ[15]" has no driver
    Warning (13040): Bidir "FL_DQ[0]" has no driver
    Warning (13040): Bidir "FL_DQ[1]" has no driver
    Warning (13040): Bidir "FL_DQ[2]" has no driver
    Warning (13040): Bidir "FL_DQ[3]" has no driver
    Warning (13040): Bidir "FL_DQ[4]" has no driver
    Warning (13040): Bidir "FL_DQ[5]" has no driver
    Warning (13040): Bidir "FL_DQ[6]" has no driver
    Warning (13040): Bidir "FL_DQ[7]" has no driver
    Warning (13040): Bidir "SRAM_DQ[0]" has no driver
    Warning (13040): Bidir "SRAM_DQ[1]" has no driver
    Warning (13040): Bidir "SRAM_DQ[2]" has no driver
    Warning (13040): Bidir "SRAM_DQ[3]" has no driver
    Warning (13040): Bidir "SRAM_DQ[4]" has no driver
    Warning (13040): Bidir "SRAM_DQ[5]" has no driver
    Warning (13040): Bidir "SRAM_DQ[6]" has no driver
    Warning (13040): Bidir "SRAM_DQ[7]" has no driver
    Warning (13040): Bidir "SRAM_DQ[8]" has no driver
    Warning (13040): Bidir "SRAM_DQ[9]" has no driver
    Warning (13040): Bidir "SRAM_DQ[10]" has no driver
    Warning (13040): Bidir "SRAM_DQ[11]" has no driver
    Warning (13040): Bidir "SRAM_DQ[12]" has no driver
    Warning (13040): Bidir "SRAM_DQ[13]" has no driver
    Warning (13040): Bidir "SRAM_DQ[14]" has no driver
    Warning (13040): Bidir "SRAM_DQ[15]" has no driver
    Warning (13040): Bidir "OTG_DATA[0]" has no driver
    Warning (13040): Bidir "OTG_DATA[1]" has no driver
    Warning (13040): Bidir "OTG_DATA[2]" has no driver
    Warning (13040): Bidir "OTG_DATA[3]" has no driver
    Warning (13040): Bidir "OTG_DATA[4]" has no driver
    Warning (13040): Bidir "OTG_DATA[5]" has no driver
    Warning (13040): Bidir "OTG_DATA[6]" has no driver
    Warning (13040): Bidir "OTG_DATA[7]" has no driver
    Warning (13040): Bidir "OTG_DATA[8]" has no driver
    Warning (13040): Bidir "OTG_DATA[9]" has no driver
    Warning (13040): Bidir "OTG_DATA[10]" has no driver
    Warning (13040): Bidir "OTG_DATA[11]" has no driver
    Warning (13040): Bidir "OTG_DATA[12]" has no driver
    Warning (13040): Bidir "OTG_DATA[13]" has no driver
    Warning (13040): Bidir "OTG_DATA[14]" has no driver
    Warning (13040): Bidir "OTG_DATA[15]" has no driver
    Warning (13040): Bidir "LCD_DATA[0]" has no driver
    Warning (13040): Bidir "LCD_DATA[1]" has no driver
    Warning (13040): Bidir "LCD_DATA[2]" has no driver
    Warning (13040): Bidir "LCD_DATA[3]" has no driver
    Warning (13040): Bidir "LCD_DATA[4]" has no driver
    Warning (13040): Bidir "LCD_DATA[5]" has no driver
    Warning (13040): Bidir "LCD_DATA[6]" has no driver
    Warning (13040): Bidir "LCD_DATA[7]" has no driver
    Warning (13040): Bidir "I2C_SDAT" has no driver
    Warning (13040): Bidir "ENET_DATA[0]" has no driver
    Warning (13040): Bidir "ENET_DATA[1]" has no driver
    Warning (13040): Bidir "ENET_DATA[2]" has no driver
    Warning (13040): Bidir "ENET_DATA[3]" has no driver
    Warning (13040): Bidir "ENET_DATA[4]" has no driver
    Warning (13040): Bidir "ENET_DATA[5]" has no driver
    Warning (13040): Bidir "ENET_DATA[6]" has no driver
    Warning (13040): Bidir "ENET_DATA[7]" has no driver
    Warning (13040): Bidir "ENET_DATA[8]" has no driver
    Warning (13040): Bidir "ENET_DATA[9]" has no driver
    Warning (13040): Bidir "ENET_DATA[10]" has no driver
    Warning (13040): Bidir "ENET_DATA[11]" has no driver
    Warning (13040): Bidir "ENET_DATA[12]" has no driver
    Warning (13040): Bidir "ENET_DATA[13]" has no driver
    Warning (13040): Bidir "ENET_DATA[14]" has no driver
    Warning (13040): Bidir "ENET_DATA[15]" has no driver
    Warning (13040): Bidir "AUD_ADCLRCK" has no driver
    Warning (13040): Bidir "AUD_DACLRCK" has no driver
    Warning (13040): Bidir "AUD_BCLK" has no driver
    Warning (13040): Bidir "GPIO_0[0]" has no driver
    Warning (13040): Bidir "GPIO_0[1]" has no driver
    Warning (13040): Bidir "GPIO_0[2]" has no driver
    Warning (13040): Bidir "GPIO_0[3]" has no driver
    Warning (13040): Bidir "GPIO_0[4]" has no driver
    Warning (13040): Bidir "GPIO_0[5]" has no driver
    Warning (13040): Bidir "GPIO_0[6]" has no driver
    Warning (13040): Bidir "GPIO_0[7]" has no driver
    Warning (13040): Bidir "GPIO_0[8]" has no driver
    Warning (13040): Bidir "GPIO_0[9]" has no driver
    Warning (13040): Bidir "GPIO_0[10]" has no driver
    Warning (13040): Bidir "GPIO_0[11]" has no driver
    Warning (13040): Bidir "GPIO_0[12]" has no driver
    Warning (13040): Bidir "GPIO_0[13]" has no driver
    Warning (13040): Bidir "GPIO_0[14]" has no driver
    Warning (13040): Bidir "GPIO_0[15]" has no driver
    Warning (13040): Bidir "GPIO_0[16]" has no driver
    Warning (13040): Bidir "GPIO_0[17]" has no driver
    Warning (13040): Bidir "GPIO_0[18]" has no driver
    Warning (13040): Bidir "GPIO_0[19]" has no driver
    Warning (13040): Bidir "GPIO_0[20]" has no driver
    Warning (13040): Bidir "GPIO_0[21]" has no driver
    Warning (13040): Bidir "GPIO_0[22]" has no driver
    Warning (13040): Bidir "GPIO_0[23]" has no driver
    Warning (13040): Bidir "GPIO_0[24]" has no driver
    Warning (13040): Bidir "GPIO_0[25]" has no driver
    Warning (13040): Bidir "GPIO_0[26]" has no driver
    Warning (13040): Bidir "GPIO_0[27]" has no driver
    Warning (13040): Bidir "GPIO_0[28]" has no driver
    Warning (13040): Bidir "GPIO_0[29]" has no driver
    Warning (13040): Bidir "GPIO_0[30]" has no driver
    Warning (13040): Bidir "GPIO_0[31]" has no driver
    Warning (13040): Bidir "GPIO_0[32]" has no driver
    Warning (13040): Bidir "GPIO_0[33]" has no driver
    Warning (13040): Bidir "GPIO_0[34]" has no driver
    Warning (13040): Bidir "GPIO_0[35]" has no driver
    Warning (13040): Bidir "GPIO_1[0]" has no driver
    Warning (13040): Bidir "GPIO_1[1]" has no driver
    Warning (13040): Bidir "GPIO_1[2]" has no driver
    Warning (13040): Bidir "GPIO_1[3]" has no driver
    Warning (13040): Bidir "GPIO_1[4]" has no driver
    Warning (13040): Bidir "GPIO_1[5]" has no driver
    Warning (13040): Bidir "GPIO_1[6]" has no driver
    Warning (13040): Bidir "GPIO_1[7]" has no driver
    Warning (13040): Bidir "GPIO_1[8]" has no driver
    Warning (13040): Bidir "GPIO_1[9]" has no driver
    Warning (13040): Bidir "GPIO_1[10]" has no driver
    Warning (13040): Bidir "GPIO_1[11]" has no driver
    Warning (13040): Bidir "GPIO_1[12]" has no driver
    Warning (13040): Bidir "GPIO_1[13]" has no driver
    Warning (13040): Bidir "GPIO_1[14]" has no driver
    Warning (13040): Bidir "GPIO_1[15]" has no driver
    Warning (13040): Bidir "GPIO_1[16]" has no driver
    Warning (13040): Bidir "GPIO_1[17]" has no driver
    Warning (13040): Bidir "GPIO_1[18]" has no driver
    Warning (13040): Bidir "GPIO_1[19]" has no driver
    Warning (13040): Bidir "GPIO_1[20]" has no driver
    Warning (13040): Bidir "GPIO_1[21]" has no driver
    Warning (13040): Bidir "GPIO_1[22]" has no driver
    Warning (13040): Bidir "GPIO_1[23]" has no driver
    Warning (13040): Bidir "GPIO_1[24]" has no driver
    Warning (13040): Bidir "GPIO_1[25]" has no driver
    Warning (13040): Bidir "GPIO_1[26]" has no driver
    Warning (13040): Bidir "GPIO_1[27]" has no driver
    Warning (13040): Bidir "GPIO_1[28]" has no driver
    Warning (13040): Bidir "GPIO_1[29]" has no driver
    Warning (13040): Bidir "GPIO_1[30]" has no driver
    Warning (13040): Bidir "GPIO_1[31]" has no driver
    Warning (13040): Bidir "GPIO_1[32]" has no driver
    Warning (13040): Bidir "GPIO_1[33]" has no driver
    Warning (13040): Bidir "GPIO_1[34]" has no driver
    Warning (13040): Bidir "GPIO_1[35]" has no driver
Warning (13024): Output pins are stuck at VCC or GND
    Warning (13410): Pin "HEX0[0]" is stuck at GND
    Warning (13410): Pin "HEX0[1]" is stuck at GND
    Warning (13410): Pin "HEX0[2]" is stuck at GND
    Warning (13410): Pin "HEX0[3]" is stuck at GND
    Warning (13410): Pin "HEX0[4]" is stuck at GND
    Warning (13410): Pin "HEX0[5]" is stuck at GND
    Warning (13410): Pin "HEX0[6]" is stuck at GND
    Warning (13410): Pin "HEX1[0]" is stuck at GND
    Warning (13410): Pin "HEX1[1]" is stuck at GND
    Warning (13410): Pin "HEX1[2]" is stuck at GND
    Warning (13410): Pin "HEX1[3]" is stuck at GND
    Warning (13410): Pin "HEX1[4]" is stuck at GND
    Warning (13410): Pin "HEX1[5]" is stuck at GND
    Warning (13410): Pin "HEX1[6]" is stuck at GND
    Warning (13410): Pin "HEX2[0]" is stuck at GND
    Warning (13410): Pin "HEX2[1]" is stuck at GND
    Warning (13410): Pin "HEX2[2]" is stuck at GND
    Warning (13410): Pin "HEX2[3]" is stuck at GND
    Warning (13410): Pin "HEX2[4]" is stuck at GND
    Warning (13410): Pin "HEX2[5]" is stuck at GND
    Warning (13410): Pin "HEX2[6]" is stuck at GND
    Warning (13410): Pin "HEX3[0]" is stuck at GND
    Warning (13410): Pin "HEX3[1]" is stuck at GND
    Warning (13410): Pin "HEX3[2]" is stuck at GND
    Warning (13410): Pin "HEX3[3]" is stuck at GND
    Warning (13410): Pin "HEX3[4]" is stuck at GND
    Warning (13410): Pin "HEX3[5]" is stuck at GND
    Warning (13410): Pin "HEX3[6]" is stuck at GND
    Warning (13410): Pin "HEX4[0]" is stuck at GND
    Warning (13410): Pin "HEX4[1]" is stuck at GND
    Warning (13410): Pin "HEX4[2]" is stuck at GND
    Warning (13410): Pin "HEX4[3]" is stuck at GND
    Warning (13410): Pin "HEX4[4]" is stuck at GND
    Warning (13410): Pin "HEX4[5]" is stuck at GND
    Warning (13410): Pin "HEX4[6]" is stuck at GND
    Warning (13410): Pin "HEX5[0]" is stuck at GND
    Warning (13410): Pin "HEX5[1]" is stuck at GND
    Warning (13410): Pin "HEX5[2]" is stuck at GND
    Warning (13410): Pin "HEX5[3]" is stuck at GND
    Warning (13410): Pin "HEX5[4]" is stuck at GND
    Warning (13410): Pin "HEX5[5]" is stuck at GND
    Warning (13410): Pin "HEX5[6]" is stuck at GND
    Warning (13410): Pin "HEX6[0]" is stuck at GND
    Warning (13410): Pin "HEX6[1]" is stuck at GND
    Warning (13410): Pin "HEX6[2]" is stuck at GND
    Warning (13410): Pin "HEX6[3]" is stuck at GND
    Warning (13410): Pin "HEX6[4]" is stuck at GND
    Warning (13410): Pin "HEX6[5]" is stuck at GND
    Warning (13410): Pin "HEX6[6]" is stuck at GND
    Warning (13410): Pin "HEX7[0]" is stuck at GND
    Warning (13410): Pin "HEX7[1]" is stuck at GND
    Warning (13410): Pin "HEX7[2]" is stuck at GND
    Warning (13410): Pin "HEX7[3]" is stuck at GND
    Warning (13410): Pin "HEX7[4]" is stuck at GND
    Warning (13410): Pin "HEX7[5]" is stuck at GND
    Warning (13410): Pin "HEX7[6]" is stuck at GND
    Warning (13410): Pin "LEDG[2]" is stuck at GND
    Warning (13410): Pin "LEDG[3]" is stuck at GND
    Warning (13410): Pin "LEDG[4]" is stuck at GND
    Warning (13410): Pin "LEDG[5]" is stuck at GND
    Warning (13410): Pin "LEDG[6]" is stuck at GND
    Warning (13410): Pin "LEDG[7]" is stuck at GND
    Warning (13410): Pin "LEDG[8]" is stuck at GND
    Warning (13410): Pin "LEDR[0]" is stuck at GND
    Warning (13410): Pin "LEDR[1]" is stuck at GND
    Warning (13410): Pin "LEDR[2]" is stuck at GND
    Warning (13410): Pin "LEDR[3]" is stuck at GND
    Warning (13410): Pin "LEDR[4]" is stuck at GND
    Warning (13410): Pin "LEDR[5]" is stuck at GND
    Warning (13410): Pin "LEDR[6]" is stuck at GND
    Warning (13410): Pin "LEDR[7]" is stuck at GND
    Warning (13410): Pin "LEDR[8]" is stuck at GND
    Warning (13410): Pin "LEDR[9]" is stuck at GND
    Warning (13410): Pin "LEDR[10]" is stuck at GND
    Warning (13410): Pin "LEDR[11]" is stuck at GND
    Warning (13410): Pin "LEDR[12]" is stuck at GND
    Warning (13410): Pin "LEDR[13]" is stuck at GND
    Warning (13410): Pin "LEDR[14]" is stuck at GND
    Warning (13410): Pin "LEDR[15]" is stuck at GND
    Warning (13410): Pin "LEDR[16]" is stuck at GND
    Warning (13410): Pin "LEDR[17]" is stuck at GND
    Warning (13410): Pin "DRAM_ADDR[0]" is stuck at GND
    Warning (13410): Pin "DRAM_ADDR[1]" is stuck at GND
    Warning (13410): Pin "DRAM_ADDR[2]" is stuck at GND
    Warning (13410): Pin "DRAM_ADDR[3]" is stuck at GND
    Warning (13410): Pin "DRAM_ADDR[4]" is stuck at GND
    Warning (13410): Pin "DRAM_ADDR[5]" is stuck at GND
    Warning (13410): Pin "DRAM_ADDR[6]" is stuck at GND
    Warning (13410): Pin "DRAM_ADDR[7]" is stuck at GND
    Warning (13410): Pin "DRAM_ADDR[8]" is stuck at GND
    Warning (13410): Pin "DRAM_ADDR[9]" is stuck at GND
    Warning (13410): Pin "DRAM_ADDR[10]" is stuck at GND
    Warning (13410): Pin "DRAM_ADDR[11]" is stuck at GND
    Warning (13410): Pin "DRAM_LDQM" is stuck at GND
    Warning (13410): Pin "DRAM_UDQM" is stuck at GND
    Warning (13410): Pin "DRAM_WE_N" is stuck at GND
    Warning (13410): Pin "DRAM_CAS_N" is stuck at GND
    Warning (13410): Pin "DRAM_RAS_N" is stuck at GND
    Warning (13410): Pin "DRAM_CS_N" is stuck at GND
    Warning (13410): Pin "DRAM_BA_0" is stuck at GND
    Warning (13410): Pin "DRAM_BA_1" is stuck at GND
    Warning (13410): Pin "DRAM_CLK" is stuck at GND
    Warning (13410): Pin "DRAM_CKE" is stuck at GND
    Warning (13410): Pin "FL_ADDR[0]" is stuck at GND
    Warning (13410): Pin "FL_ADDR[1]" is stuck at GND
    Warning (13410): Pin "FL_ADDR[2]" is stuck at GND
    Warning (13410): Pin "FL_ADDR[3]" is stuck at GND
    Warning (13410): Pin "FL_ADDR[4]" is stuck at GND
    Warning (13410): Pin "FL_ADDR[5]" is stuck at GND
    Warning (13410): Pin "FL_ADDR[6]" is stuck at GND
    Warning (13410): Pin "FL_ADDR[7]" is stuck at GND
    Warning (13410): Pin "FL_ADDR[8]" is stuck at GND
    Warning (13410): Pin "FL_ADDR[9]" is stuck at GND
    Warning (13410): Pin "FL_ADDR[10]" is stuck at GND
    Warning (13410): Pin "FL_ADDR[11]" is stuck at GND
    Warning (13410): Pin "FL_ADDR[12]" is stuck at GND
    Warning (13410): Pin "FL_ADDR[13]" is stuck at GND
    Warning (13410): Pin "FL_ADDR[14]" is stuck at GND
    Warning (13410): Pin "FL_ADDR[15]" is stuck at GND
    Warning (13410): Pin "FL_ADDR[16]" is stuck at GND
    Warning (13410): Pin "FL_ADDR[17]" is stuck at GND
    Warning (13410): Pin "FL_ADDR[18]" is stuck at GND
    Warning (13410): Pin "FL_ADDR[19]" is stuck at GND
    Warning (13410): Pin "FL_ADDR[20]" is stuck at GND
    Warning (13410): Pin "FL_ADDR[21]" is stuck at GND
    Warning (13410): Pin "FL_WE_N" is stuck at GND
    Warning (13410): Pin "FL_RST_N" is stuck at GND
    Warning (13410): Pin "FL_OE_N" is stuck at GND
    Warning (13410): Pin "FL_CE_N" is stuck at GND
    Warning (13410): Pin "SRAM_ADDR[0]" is stuck at GND
    Warning (13410): Pin "SRAM_ADDR[1]" is stuck at GND
    Warning (13410): Pin "SRAM_ADDR[2]" is stuck at GND
    Warning (13410): Pin "SRAM_ADDR[3]" is stuck at GND
    Warning (13410): Pin "SRAM_ADDR[4]" is stuck at GND
    Warning (13410): Pin "SRAM_ADDR[5]" is stuck at GND
    Warning (13410): Pin "SRAM_ADDR[6]" is stuck at GND
    Warning (13410): Pin "SRAM_ADDR[7]" is stuck at GND
    Warning (13410): Pin "SRAM_ADDR[8]" is stuck at GND
    Warning (13410): Pin "SRAM_ADDR[9]" is stuck at GND
    Warning (13410): Pin "SRAM_ADDR[10]" is stuck at GND
    Warning (13410): Pin "SRAM_ADDR[11]" is stuck at GND
    Warning (13410): Pin "SRAM_ADDR[12]" is stuck at GND
    Warning (13410): Pin "SRAM_ADDR[13]" is stuck at GND
    Warning (13410): Pin "SRAM_ADDR[14]" is stuck at GND
    Warning (13410): Pin "SRAM_ADDR[15]" is stuck at GND
    Warning (13410): Pin "SRAM_ADDR[16]" is stuck at GND
    Warning (13410): Pin "SRAM_ADDR[17]" is stuck at GND
    Warning (13410): Pin "SRAM_UB_N" is stuck at GND
    Warning (13410): Pin "SRAM_LB_N" is stuck at GND
    Warning (13410): Pin "SRAM_WE_N" is stuck at GND
    Warning (13410): Pin "SRAM_CE_N" is stuck at GND
    Warning (13410): Pin "SRAM_OE_N" is stuck at GND
    Warning (13410): Pin "OTG_ADDR[0]" is stuck at GND
    Warning (13410): Pin "OTG_ADDR[1]" is stuck at GND
    Warning (13410): Pin "OTG_CS_N" is stuck at GND
    Warning (13410): Pin "OTG_RD_N" is stuck at GND
    Warning (13410): Pin "OTG_WR_N" is stuck at GND
    Warning (13410): Pin "OTG_RST_N" is stuck at GND
    Warning (13410): Pin "OTG_FSPEED" is stuck at GND
    Warning (13410): Pin "OTG_LSPEED" is stuck at GND
    Warning (13410): Pin "OTG_DACK0_N" is stuck at GND
    Warning (13410): Pin "OTG_DACK1_N" is stuck at GND
    Warning (13410): Pin "LCD_ON" is stuck at GND
    Warning (13410): Pin "LCD_BLON" is stuck at GND
    Warning (13410): Pin "LCD_RW" is stuck at GND
    Warning (13410): Pin "LCD_EN" is stuck at GND
    Warning (13410): Pin "LCD_RS" is stuck at GND
    Warning (13410): Pin "TDO" is stuck at GND
    Warning (13410): Pin "I2C_SCLK" is stuck at GND
    Warning (13410): Pin "VGA_CLK" is stuck at GND
    Warning (13410): Pin "VGA_HS" is stuck at GND
    Warning (13410): Pin "VGA_VS" is stuck at GND
    Warning (13410): Pin "VGA_BLANK" is stuck at GND
    Warning (13410): Pin "VGA_SYNC" is stuck at GND
    Warning (13410): Pin "VGA_R[0]" is stuck at GND
    Warning (13410): Pin "VGA_R[1]" is stuck at GND
    Warning (13410): Pin "VGA_R[2]" is stuck at GND
    Warning (13410): Pin "VGA_R[3]" is stuck at GND
    Warning (13410): Pin "VGA_R[4]" is stuck at GND
    Warning (13410): Pin "VGA_R[5]" is stuck at GND
    Warning (13410): Pin "VGA_R[6]" is stuck at GND
    Warning (13410): Pin "VGA_R[7]" is stuck at GND
    Warning (13410): Pin "VGA_R[8]" is stuck at GND
    Warning (13410): Pin "VGA_R[9]" is stuck at GND
    Warning (13410): Pin "VGA_G[0]" is stuck at GND
    Warning (13410): Pin "VGA_G[1]" is stuck at GND
    Warning (13410): Pin "VGA_G[2]" is stuck at GND
    Warning (13410): Pin "VGA_G[3]" is stuck at GND
    Warning (13410): Pin "VGA_G[4]" is stuck at GND
    Warning (13410): Pin "VGA_G[5]" is stuck at GND
    Warning (13410): Pin "VGA_G[6]" is stuck at GND
    Warning (13410): Pin "VGA_G[7]" is stuck at GND
    Warning (13410): Pin "VGA_G[8]" is stuck at GND
    Warning (13410): Pin "VGA_G[9]" is stuck at GND
    Warning (13410): Pin "VGA_B[0]" is stuck at GND
    Warning (13410): Pin "VGA_B[1]" is stuck at GND
    Warning (13410): Pin "VGA_B[2]" is stuck at GND
    Warning (13410): Pin "VGA_B[3]" is stuck at GND
    Warning (13410): Pin "VGA_B[4]" is stuck at GND
    Warning (13410): Pin "VGA_B[5]" is stuck at GND
    Warning (13410): Pin "VGA_B[6]" is stuck at GND
    Warning (13410): Pin "VGA_B[7]" is stuck at GND
    Warning (13410): Pin "VGA_B[8]" is stuck at GND
    Warning (13410): Pin "VGA_B[9]" is stuck at GND
    Warning (13410): Pin "ENET_CMD" is stuck at GND
    Warning (13410): Pin "ENET_CS_N" is stuck at GND
    Warning (13410): Pin "ENET_WR_N" is stuck at GND
    Warning (13410): Pin "ENET_RD_N" is stuck at GND
    Warning (13410): Pin "ENET_RST_N" is stuck at GND
    Warning (13410): Pin "ENET_CLK" is stuck at GND
    Warning (13410): Pin "AUD_DACDAT" is stuck at GND
    Warning (13410): Pin "AUD_XCK" is stuck at GND
    Warning (13410): Pin "TD_RESET" is stuck at GND
Info (16010): Generating hard_block partition "hard_block:auto_generated_inst"
    Info (16011): Adding 0 node(s), including 0 DDIO, 0 PLL, 0 transceiver and 0 LCELL
Warning (21074): Design contains 45 input pin(s) that do not drive logic
    Warning (15610): No output dependent on input pin "CLOCK_27"
    Warning (15610): No output dependent on input pin "CLOCK_50"
    Warning (15610): No output dependent on input pin "EXT_CLOCK"
    Warning (15610): No output dependent on input pin "KEY[0]"
    Warning (15610): No output dependent on input pin "KEY[1]"
    Warning (15610): No output dependent on input pin "KEY[2]"
    Warning (15610): No output dependent on input pin "KEY[3]"
    Warning (15610): No output dependent on input pin "SW[2]"
    Warning (15610): No output dependent on input pin "SW[3]"
    Warning (15610): No output dependent on input pin "SW[4]"
    Warning (15610): No output dependent on input pin "SW[5]"
    Warning (15610): No output dependent on input pin "SW[6]"
    Warning (15610): No output dependent on input pin "SW[7]"
    Warning (15610): No output dependent on input pin "SW[8]"
    Warning (15610): No output dependent on input pin "SW[9]"
    Warning (15610): No output dependent on input pin "SW[10]"
    Warning (15610): No output dependent on input pin "SW[11]"
    Warning (15610): No output dependent on input pin "SW[12]"
    Warning (15610): No output dependent on input pin "SW[13]"
    Warning (15610): No output dependent on input pin "SW[14]"
    Warning (15610): No output dependent on input pin "SW[15]"
    Warning (15610): No output dependent on input pin "SW[16]"
    Warning (15610): No output dependent on input pin "SW[17]"
    Warning (15610): No output dependent on input pin "OTG_INT0"
    Warning (15610): No output dependent on input pin "OTG_INT1"
    Warning (15610): No output dependent on input pin "OTG_DREQ0"
    Warning (15610): No output dependent on input pin "OTG_DREQ1"
    Warning (15610): No output dependent on input pin "TDI"
    Warning (15610): No output dependent on input pin "TCK"
    Warning (15610): No output dependent on input pin "TCS"
    Warning (15610): No output dependent on input pin "PS2_DAT"
    Warning (15610): No output dependent on input pin "PS2_CLK"
    Warning (15610): No output dependent on input pin "ENET_INT"
    Warning (15610): No output dependent on input pin "AUD_ADCDAT"
    Warning (15610): No output dependent on input pin "TD_DATA[0]"
    Warning (15610): No output dependent on input pin "TD_DATA[1]"
    Warning (15610): No output dependent on input pin "TD_DATA[2]"
    Warning (15610): No output dependent on input pin "TD_DATA[3]"
    Warning (15610): No output dependent on input pin "TD_DATA[4]"
    Warning (15610): No output dependent on input pin "TD_DATA[5]"
    Warning (15610): No output dependent on input pin "TD_DATA[6]"
    Warning (15610): No output dependent on input pin "TD_DATA[7]"
    Warning (15610): No output dependent on input pin "TD_HS"
    Warning (15610): No output dependent on input pin "TD_VS"
    Warning (15610): No output dependent on input pin "TD_CLK27"
Info (21057): Implemented 418 device resources after synthesis - the final resource count might be different
    Info (21058): Implemented 47 input pins
    Info (21059): Implemented 215 output pins
    Info (21060): Implemented 156 bidirectional pins
Info: Quartus II 64-Bit Analysis & Synthesis was successful. 0 errors, 503 warnings
    Info: Peak virtual memory: 4943 megabytes
    Info: Processing ended: Tue Jun 14 23:59:32 2022
    Info: Elapsed time: 00:02:50
    Info: Total CPU time (on all processors): 00:02:47


